
=== electric drone propeller ===
  cards=20
    + [A DJI Mini 3 drone, from its pre-flight checks to a smooth landing.] audio_3e9f657423.mp3
  relevantes-clicados=14 nuevos=1 total=1

=== quadcopter motor ===
  cards=20
    + [Parrot AR drone 2] audio_c452c34157.mp3
  relevantes-clicados=19 nuevos=1 total=2

=== drone flying loop ===
  cards=20
    + [Drone Flying] audio_59fd8c29df.mp3
  relevantes-clicados=16 nuevos=1 total=3

=== fpv drone ===
  cards=20
    + [Military FPV Drone Attack with Impact Explosion] audio_b72cecb7ab.mp3
  relevantes-clicados=18 nuevos=1 total=4

=== drone hover ===
  cards=20
    + [UAS Drone Hover 01] audio_15624a9a6b.mp3
  relevantes-clicados=8 nuevos=1 total=5

=== brushless motor ===
  goto fail 0: page.goto: Target page, context or browser has been closed
